  [1m[35m (0.1ms)[0m  [1m[34mSELECT pg_try_advisory_lock(4419603485512784835)[0m
  [1m[35m (0.4ms)[0m  [1m[34mSELECT "schema_migrations"."version" FROM "schema_migrations" ORDER BY "schema_migrations"."version" ASC[0m
  [1m[36mActiveRecord::InternalMetadata Load (0.3ms)[0m  [1m[34mSELECT "ar_internal_metadata".* FROM "ar_internal_metadata" WHERE "ar_internal_metadata"."key" = $1 LIMIT $2[0m  [["key", "environment"], ["LIMIT", 1]]
  [1m[35m (0.2ms)[0m  [1m[34mSELECT pg_advisory_unlock(4419603485512784835)[0m
  [1m[35m (0.3ms)[0m  [1m[34mSELECT "schema_migrations"."version" FROM "schema_migrations" ORDER BY "schema_migrations"."version" ASC[0m
Started GET "/" for 172.22.0.1 at 2022-09-20 14:20:33 +0000
Cannot render console from 172.22.0.1! Allowed networks: 127.0.0.0/127.255.255.255, ::1
  [1m[35m (0.5ms)[0m  [1m[34mSELECT "schema_migrations"."version" FROM "schema_migrations" ORDER BY "schema_migrations"."version" ASC[0m
Processing by SessionsController#new as HTML
Redirected to http://0.0.0.0:3000/dashboard
Filter chain halted as :require_no_login rendered or redirected
Completed 302 Found in 11ms (ActiveRecord: 0.0ms | Allocations: 1773)


Started GET "/dashboard" for 172.22.0.1 at 2022-09-20 14:20:33 +0000
Cannot render console from 172.22.0.1! Allowed networks: 127.0.0.0/127.255.255.255, ::1
Processing by DashboardController#index as HTML
  Rendering layout layouts/application.html.erb
  Rendering dashboard/index.html.erb within layouts/application
[Webpacker] Compiling...
[Webpacker] Compilation failed:
asset js/runtime.js 5.17 KiB [emitted] (name: runtime) 1 related asset
asset js/upload_preview.js 2.22 KiB [emitted] (name: upload_preview)
asset js/application.js 2.2 KiB [emitted] (name: application)
asset js/dashboard.js 2.19 KiB [emitted] (name: dashboard)
asset js/insights.js 2.19 KiB [emitted] (name: insights)
asset js/history.js 2.18 KiB [emitted] (name: history)
asset manifest.json 1.06 KiB [emitted]
Entrypoint application 7.37 KiB (4.55 KiB) = js/runtime.js 5.17 KiB js/application.js 2.2 KiB 1 auxiliary asset
Entrypoint dashboard 7.36 KiB (4.55 KiB) = js/runtime.js 5.17 KiB js/dashboard.js 2.19 KiB 1 auxiliary asset
Entrypoint history 7.35 KiB (4.55 KiB) = js/runtime.js 5.17 KiB js/history.js 2.18 KiB 1 auxiliary asset
Entrypoint insights 7.35 KiB (4.55 KiB) = js/runtime.js 5.17 KiB js/insights.js 2.19 KiB 1 auxiliary asset
Entrypoint upload_preview 7.39 KiB (4.55 KiB) = js/runtime.js 5.17 KiB js/upload_preview.js 2.22 KiB 1 auxiliary asset
runtime modules 2.62 KiB 3 modules
modules with errors 195 bytes [errors]
  ./app/javascript/packs/application.js 39 bytes [built] [code generated] [1 error]
  ./app/javascript/packs/dashboard.jsx 39 bytes [built] [code generated] [1 error]
  ./app/javascript/packs/history.jsx 39 bytes [built] [code generated] [1 error]
  ./app/javascript/packs/insights.jsx 39 bytes [built] [code generated] [1 error]
  ./app/javascript/packs/upload_preview.jsx 39 bytes [built] [code generated] [1 error]

ERROR in ./app/javascript/packs/application.js
Module build failed (from ./node_modules/babel-loader/lib/index.js):
Error: Cannot find module '@babel/preset-react'
Require stack:
- /ontrack/babel.config.js
- /ontrack/node_modules/@babel/core/lib/config/files/module-types.js
- /ontrack/node_modules/@babel/core/lib/config/files/configuration.js
- /ontrack/node_modules/@babel/core/lib/config/files/index.js
- /ontrack/node_modules/@babel/core/lib/index.js
- /ontrack/node_modules/babel-loader/lib/index.js
- /ontrack/node_modules/loader-runner/lib/loadLoader.js
- /ontrack/node_modules/loader-runner/lib/LoaderRunner.js
- /ontrack/node_modules/webpack/lib/NormalModule.js
- /ontrack/node_modules/webpack/lib/index.js
- /ontrack/node_modules/webpack-cli/lib/webpack-cli.js
- /ontrack/node_modules/webpack-cli/lib/bootstrap.js
- /ontrack/node_modules/webpack-cli/bin/cli.js
- /ontrack/node_modules/webpack/bin/webpack.js
    at Function.Module._resolveFilename (internal/modules/cjs/loader.js:902:15)
    at Function.Module._load (internal/modules/cjs/loader.js:746:27)
    at Module.require (internal/modules/cjs/loader.js:974:19)
    at require (internal/modules/cjs/helpers.js:101:18)
    at module.exports (/ontrack/babel.config.js:39:9)
    at startHiding - secret - don't use this - v1 (/ontrack/node_modules/@babel/core/lib/errors/rewrite-stack-trace.js:59:12)
    at readConfigJS (/ontrack/node_modules/@babel/core/lib/config/files/configuration.js:228:66)
    at readConfigJS.next (<anonymous>)
    at Function.<anonymous> (/ontrack/node_modules/@babel/core/lib/gensync-utils/async.js:27:3)
    at Generator.next (<anonymous>)

ERROR in ./app/javascript/packs/dashboard.jsx
Module build failed (from ./node_modules/babel-loader/lib/index.js):
Error: Cannot find module '@babel/preset-react'
Require stack:
- /ontrack/babel.config.js
- /ontrack/node_modules/@babel/core/lib/config/files/module-types.js
- /ontrack/node_modules/@babel/core/lib/config/files/configuration.js
- /ontrack/node_modules/@babel/core/lib/config/files/index.js
- /ontrack/node_modules/@babel/core/lib/index.js
- /ontrack/node_modules/babel-loader/lib/index.js
- /ontrack/node_modules/loader-runner/lib/loadLoader.js
- /ontrack/node_modules/loader-runner/lib/LoaderRunner.js
- /ontrack/node_modules/webpack/lib/NormalModule.js
- /ontrack/node_modules/webpack/lib/index.js
- /ontrack/node_modules/webpack-cli/lib/webpack-cli.js
- /ontrack/node_modules/webpack-cli/lib/bootstrap.js
- /ontrack/node_modules/webpack-cli/bin/cli.js
- /ontrack/node_modules/webpack/bin/webpack.js
    at Function.Module._resolveFilename (internal/modules/cjs/loader.js:902:15)
    at Function.Module._load (internal/modules/cjs/loader.js:746:27)
    at Module.require (internal/modules/cjs/loader.js:974:19)
    at require (internal/modules/cjs/helpers.js:101:18)
    at module.exports (/ontrack/babel.config.js:39:9)
    at startHiding - secret - don't use this - v1 (/ontrack/node_modules/@babel/core/lib/errors/rewrite-stack-trace.js:59:12)
    at readConfigJS (/ontrack/node_modules/@babel/core/lib/config/files/configuration.js:228:66)
    at readConfigJS.next (<anonymous>)
    at Function.<anonymous> (/ontrack/node_modules/@babel/core/lib/gensync-utils/async.js:27:3)
    at Generator.next (<anonymous>)

ERROR in ./app/javascript/packs/history.jsx
Module build failed (from ./node_modules/babel-loader/lib/index.js):
Error: Cannot find module '@babel/preset-react'
Require stack:
- /ontrack/babel.config.js
- /ontrack/node_modules/@babel/core/lib/config/files/module-types.js
- /ontrack/node_modules/@babel/core/lib/config/files/configuration.js
- /ontrack/node_modules/@babel/core/lib/config/files/index.js
- /ontrack/node_modules/@babel/core/lib/index.js
- /ontrack/node_modules/babel-loader/lib/index.js
- /ontrack/node_modules/loader-runner/lib/loadLoader.js
- /ontrack/node_modules/loader-runner/lib/LoaderRunner.js
- /ontrack/node_modules/webpack/lib/NormalModule.js
- /ontrack/node_modules/webpack/lib/index.js
- /ontrack/node_modules/webpack-cli/lib/webpack-cli.js
- /ontrack/node_modules/webpack-cli/lib/bootstrap.js
- /ontrack/node_modules/webpack-cli/bin/cli.js
- /ontrack/node_modules/webpack/bin/webpack.js
    at Function.Module._resolveFilename (internal/modules/cjs/loader.js:902:15)
    at Function.Module._load (internal/modules/cjs/loader.js:746:27)
    at Module.require (internal/modules/cjs/loader.js:974:19)
    at require (internal/modules/cjs/helpers.js:101:18)
    at module.exports (/ontrack/babel.config.js:39:9)
    at startHiding - secret - don't use this - v1 (/ontrack/node_modules/@babel/core/lib/errors/rewrite-stack-trace.js:59:12)
    at readConfigJS (/ontrack/node_modules/@babel/core/lib/config/files/configuration.js:228:66)
    at readConfigJS.next (<anonymous>)
    at Function.<anonymous> (/ontrack/node_modules/@babel/core/lib/gensync-utils/async.js:27:3)
    at Generator.next (<anonymous>)

ERROR in ./app/javascript/packs/insights.jsx
Module build failed (from ./node_modules/babel-loader/lib/index.js):
Error: Cannot find module '@babel/preset-react'
Require stack:
- /ontrack/babel.config.js
- /ontrack/node_modules/@babel/core/lib/config/files/module-types.js
- /ontrack/node_modules/@babel/core/lib/config/files/configuration.js
- /ontrack/node_modules/@babel/core/lib/config/files/index.js
- /ontrack/node_modules/@babel/core/lib/index.js
- /ontrack/node_modules/babel-loader/lib/index.js
- /ontrack/node_modules/loader-runner/lib/loadLoader.js
- /ontrack/node_modules/loader-runner/lib/LoaderRunner.js
- /ontrack/node_modules/webpack/lib/NormalModule.js
- /ontrack/node_modules/webpack/lib/index.js
- /ontrack/node_modules/webpack-cli/lib/webpack-cli.js
- /ontrack/node_modules/webpack-cli/lib/bootstrap.js
- /ontrack/node_modules/webpack-cli/bin/cli.js
- /ontrack/node_modules/webpack/bin/webpack.js
    at Function.Module._resolveFilename (internal/modules/cjs/loader.js:902:15)
    at Function.Module._load (internal/modules/cjs/loader.js:746:27)
    at Module.require (internal/modules/cjs/loader.js:974:19)
    at require (internal/modules/cjs/helpers.js:101:18)
    at module.exports (/ontrack/babel.config.js:39:9)
    at startHiding - secret - don't use this - v1 (/ontrack/node_modules/@babel/core/lib/errors/rewrite-stack-trace.js:59:12)
    at readConfigJS (/ontrack/node_modules/@babel/core/lib/config/files/configuration.js:228:66)
    at readConfigJS.next (<anonymous>)
    at Function.<anonymous> (/ontrack/node_modules/@babel/core/lib/gensync-utils/async.js:27:3)
    at Generator.next (<anonymous>)

ERROR in ./app/javascript/packs/upload_preview.jsx
Module build failed (from ./node_modules/babel-loader/lib/index.js):
Error: Cannot find module '@babel/preset-react'
Require stack:
- /ontrack/babel.config.js
- /ontrack/node_modules/@babel/core/lib/config/files/module-types.js
- /ontrack/node_modules/@babel/core/lib/config/files/configuration.js
- /ontrack/node_modules/@babel/core/lib/config/files/index.js
- /ontrack/node_modules/@babel/core/lib/index.js
- /ontrack/node_modules/babel-loader/lib/index.js
- /ontrack/node_modules/loader-runner/lib/loadLoader.js
- /ontrack/node_modules/loader-runner/lib/LoaderRunner.js
- /ontrack/node_modules/webpack/lib/NormalModule.js
- /ontrack/node_modules/webpack/lib/index.js
- /ontrack/node_modules/webpack-cli/lib/webpack-cli.js
- /ontrack/node_modules/webpack-cli/lib/bootstrap.js
- /ontrack/node_modules/webpack-cli/bin/cli.js
- /ontrack/node_modules/webpack/bin/webpack.js
    at Function.Module._resolveFilename (internal/modules/cjs/loader.js:902:15)
    at Function.Module._load (internal/modules/cjs/loader.js:746:27)
    at Module.require (internal/modules/cjs/loader.js:974:19)
    at require (internal/modules/cjs/helpers.js:101:18)
    at module.exports (/ontrack/babel.config.js:39:9)
    at startHiding - secret - don't use this - v1 (/ontrack/node_modules/@babel/core/lib/errors/rewrite-stack-trace.js:59:12)
    at readConfigJS (/ontrack/node_modules/@babel/core/lib/config/files/configuration.js:228:66)
    at readConfigJS.next (<anonymous>)
    at Function.<anonymous> (/ontrack/node_modules/@babel/core/lib/gensync-utils/async.js:27:3)
    at Generator.next (<anonymous>)

webpack 5.74.0 compiled with 5 errors in 522 ms


Browserslist: caniuse-lite is outdated. Please run:
npx browserslist@latest --update-db

Why you should do it regularly:
https://github.com/browserslist/browserslist#browsers-data-updating

  Rendered dashboard/index.html.erb within layouts/application (Duration: 1652.9ms | Allocations: 3253)
  Rendered layouts/_image_paths.html.erb (Duration: 0.8ms | Allocations: 623)
  Rendered layouts/_navbar.html.erb (Duration: 1.5ms | Allocations: 1339)
  Rendered layout layouts/application.html.erb (Duration: 2602.5ms | Allocations: 1392722)
Completed 200 OK in 2613ms (Views: 2609.6ms | ActiveRecord: 0.0ms | Allocations: 1395477)


  [1m[35m (0.1ms)[0m  [1m[34mSELECT pg_try_advisory_lock(4419603485512784835)[0m
  [1m[35m (0.9ms)[0m  [1m[34mSELECT "schema_migrations"."version" FROM "schema_migrations" ORDER BY "schema_migrations"."version" ASC[0m
  [1m[36mActiveRecord::InternalMetadata Load (0.2ms)[0m  [1m[34mSELECT "ar_internal_metadata".* FROM "ar_internal_metadata" WHERE "ar_internal_metadata"."key" = $1 LIMIT $2[0m  [["key", "environment"], ["LIMIT", 1]]
  [1m[35m (0.2ms)[0m  [1m[34mSELECT pg_advisory_unlock(4419603485512784835)[0m
  [1m[35m (0.3ms)[0m  [1m[34mSELECT "schema_migrations"."version" FROM "schema_migrations" ORDER BY "schema_migrations"."version" ASC[0m
Started GET "/dashboard" for 172.22.0.1 at 2022-09-20 14:22:13 +0000
Cannot render console from 172.22.0.1! Allowed networks: 127.0.0.0/127.255.255.255, ::1
  [1m[35m (0.5ms)[0m  [1m[34mSELECT "schema_migrations"."version" FROM "schema_migrations" ORDER BY "schema_migrations"."version" ASC[0m
Processing by DashboardController#index as HTML
  Rendering layout layouts/application.html.erb
  Rendering dashboard/index.html.erb within layouts/application
[Webpacker] Everything's up-to-date. Nothing to do
  Rendered dashboard/index.html.erb within layouts/application (Duration: 8.5ms | Allocations: 2865)
  Rendered layouts/_image_paths.html.erb (Duration: 0.6ms | Allocations: 623)
  Rendered layouts/_navbar.html.erb (Duration: 1.2ms | Allocations: 1338)
  Rendered layout layouts/application.html.erb (Duration: 1332.9ms | Allocations: 2366071)
Completed 200 OK in 1344ms (Views: 1335.2ms | ActiveRecord: 0.0ms | Allocations: 2368766)


Started GET "/dashboard" for 172.22.0.1 at 2022-09-20 14:22:30 +0000
Cannot render console from 172.22.0.1! Allowed networks: 127.0.0.0/127.255.255.255, ::1
Processing by DashboardController#index as */*
Redirected to http://0.0.0.0:3000/
Filter chain halted as :require_login rendered or redirected
Completed 302 Found in 1ms (ActiveRecord: 0.0ms | Allocations: 177)


Started GET "/" for 172.22.0.1 at 2022-09-20 14:22:30 +0000
Cannot render console from 172.22.0.1! Allowed networks: 127.0.0.0/127.255.255.255, ::1
Processing by SessionsController#new as */*
  Rendering layout layouts/application.html.erb
  Rendering sessions/new.html.erb within layouts/application
  Rendered sessions/new.html.erb within layouts/application (Duration: 2.6ms | Allocations: 1832)
  Rendered layouts/_image_paths.html.erb (Duration: 0.7ms | Allocations: 505)
  Rendered layout layouts/application.html.erb (Duration: 40.8ms | Allocations: 21859)
Completed 200 OK in 43ms (Views: 42.1ms | ActiveRecord: 0.0ms | Allocations: 22808)


  [1m[35m (0.1ms)[0m  [1m[34mSELECT pg_try_advisory_lock(4419603485512784835)[0m
  [1m[35m (0.9ms)[0m  [1m[34mSELECT "schema_migrations"."version" FROM "schema_migrations" ORDER BY "schema_migrations"."version" ASC[0m
  [1m[36mActiveRecord::InternalMetadata Load (0.2ms)[0m  [1m[34mSELECT "ar_internal_metadata".* FROM "ar_internal_metadata" WHERE "ar_internal_metadata"."key" = $1 LIMIT $2[0m  [["key", "environment"], ["LIMIT", 1]]
  [1m[35m (0.2ms)[0m  [1m[34mSELECT pg_advisory_unlock(4419603485512784835)[0m
  [1m[35m (0.3ms)[0m  [1m[34mSELECT "schema_migrations"."version" FROM "schema_migrations" ORDER BY "schema_migrations"."version" ASC[0m
Started GET "/dashboard" for 172.23.0.1 at 2022-09-20 14:29:52 +0000
Cannot render console from 172.23.0.1! Allowed networks: 127.0.0.0/127.255.255.255, ::1
  [1m[35m (0.5ms)[0m  [1m[34mSELECT "schema_migrations"."version" FROM "schema_migrations" ORDER BY "schema_migrations"."version" ASC[0m
Processing by DashboardController#index as HTML
  Rendering layout layouts/application.html.erb
  Rendering dashboard/index.html.erb within layouts/application
[Webpacker] Compiling...
[Webpacker] Compiled all packs in /ontrack/public/packs
[Webpacker] Browserslist: caniuse-lite is outdated. Please run:
npx browserslist@latest --update-db

Why you should do it regularly:
https://github.com/browserslist/browserslist#browsers-data-updating
Though the "loose" option was set to "false" in your @babel/preset-env config, it will not be used for @babel/plugin-proposal-private-property-in-object since the "loose" mode option was set to "true" for @babel/plugin-proposal-class-properties.
The "loose" option must be the same for @babel/plugin-proposal-class-properties, @babel/plugin-proposal-private-methods and @babel/plugin-proposal-private-property-in-object (when they are enabled): you can silence this warning by explicitly adding
	["@babel/plugin-proposal-private-property-in-object", { "loose": true }]
to the "plugins" section of your Babel config.
Though the "loose" option was set to "false" in your @babel/preset-env config, it will not be used for @babel/plugin-proposal-private-methods since the "loose" mode option was set to "true" for @babel/plugin-proposal-private-property-in-object.
The "loose" option must be the same for @babel/plugin-proposal-class-properties, @babel/plugin-proposal-private-methods and @babel/plugin-proposal-private-property-in-object (when they are enabled): you can silence this warning by explicitly adding
	["@babel/plugin-proposal-private-methods", { "loose": true }]
to the "plugins" section of your Babel config.
Though the "loose" option was set to "false" in your @babel/preset-env config, it will not be used for @babel/plugin-proposal-private-property-in-object since the "loose" mode option was set to "true" for @babel/plugin-proposal-class-properties.
The "loose" option must be the same for @babel/plugin-proposal-class-properties, @babel/plugin-proposal-private-methods and @babel/plugin-proposal-private-property-in-object (when they are enabled): you can silence this warning by explicitly adding
	["@babel/plugin-proposal-private-property-in-object", { "loose": true }]
to the "plugins" section of your Babel config.
Though the "loose" option was set to "false" in your @babel/preset-env config, it will not be used for @babel/plugin-proposal-private-methods since the "loose" mode option was set to "true" for @babel/plugin-proposal-private-property-in-object.
The "loose" option must be the same for @babel/plugin-proposal-class-properties, @babel/plugin-proposal-private-methods and @babel/plugin-proposal-private-property-in-object (when they are enabled): you can silence this warning by explicitly adding
	["@babel/plugin-proposal-private-methods", { "loose": true }]
to the "plugins" section of your Babel config.
Though the "loose" option was set to "false" in your @babel/preset-env config, it will not be used for @babel/plugin-proposal-private-property-in-object since the "loose" mode option was set to "true" for @babel/plugin-proposal-class-properties.
The "loose" option must be the same for @babel/plugin-proposal-class-properties, @babel/plugin-proposal-private-methods and @babel/plugin-proposal-private-property-in-object (when they are enabled): you can silence this warning by explicitly adding
	["@babel/plugin-proposal-private-property-in-object", { "loose": true }]
to the "plugins" section of your Babel config.
Though the "loose" option was set to "false" in your @babel/preset-env config, it will not be used for @babel/plugin-proposal-private-methods since the "loose" mode option was set to "true" for @babel/plugin-proposal-private-property-in-object.
The "loose" option must be the same for @babel/plugin-proposal-class-properties, @babel/plugin-proposal-private-methods and @babel/plugin-proposal-private-property-in-object (when they are enabled): you can silence this warning by explicitly adding
	["@babel/plugin-proposal-private-methods", { "loose": true }]
to the "plugins" section of your Babel config.
Though the "loose" option was set to "false" in your @babel/preset-env config, it will not be used for @babel/plugin-proposal-private-property-in-object since the "loose" mode option was set to "true" for @babel/plugin-proposal-class-properties.
The "loose" option must be the same for @babel/plugin-proposal-class-properties, @babel/plugin-proposal-private-methods and @babel/plugin-proposal-private-property-in-object (when they are enabled): you can silence this warning by explicitly adding
	["@babel/plugin-proposal-private-property-in-object", { "loose": true }]
to the "plugins" section of your Babel config.
Though the "loose" option was set to "false" in your @babel/preset-env config, it will not be used for @babel/plugin-proposal-private-methods since the "loose" mode option was set to "true" for @babel/plugin-proposal-private-property-in-object.
The "loose" option must be the same for @babel/plugin-proposal-class-properties, @babel/plugin-proposal-private-methods and @babel/plugin-proposal-private-property-in-object (when they are enabled): you can silence this warning by explicitly adding
	["@babel/plugin-proposal-private-methods", { "loose": true }]
to the "plugins" section of your Babel config.
Though the "loose" option was set to "false" in your @babel/preset-env config, it will not be used for @babel/plugin-proposal-private-property-in-object since the "loose" mode option was set to "true" for @babel/plugin-proposal-class-properties.
The "loose" option must be the same for @babel/plugin-proposal-class-properties, @babel/plugin-proposal-private-methods and @babel/plugin-proposal-private-property-in-object (when they are enabled): you can silence this warning by explicitly adding
	["@babel/plugin-proposal-private-property-in-object", { "loose": true }]
to the "plugins" section of your Babel config.
Though the "loose" option was set to "false" in your @babel/preset-env config, it will not be used for @babel/plugin-proposal-private-methods since the "loose" mode option was set to "true" for @babel/plugin-proposal-private-property-in-object.
The "loose" option must be the same for @babel/plugin-proposal-class-properties, @babel/plugin-proposal-private-methods and @babel/plugin-proposal-private-property-in-object (when they are enabled): you can silence this warning by explicitly adding
	["@babel/plugin-proposal-private-methods", { "loose": true }]
to the "plugins" section of your Babel config.
Though the "loose" option was set to "false" in your @babel/preset-env config, it will not be used for @babel/plugin-proposal-private-property-in-object since the "loose" mode option was set to "true" for @babel/plugin-proposal-class-properties.
The "loose" option must be the same for @babel/plugin-proposal-class-properties, @babel/plugin-proposal-private-methods and @babel/plugin-proposal-private-property-in-object (when they are enabled): you can silence this warning by explicitly adding
	["@babel/plugin-proposal-private-property-in-object", { "loose": true }]
to the "plugins" section of your Babel config.
Though the "loose" option was set to "false" in your @babel/preset-env config, it will not be used for @babel/plugin-proposal-private-methods since the "loose" mode option was set to "true" for @babel/plugin-proposal-private-property-in-object.
The "loose" option must be the same for @babel/plugin-proposal-class-properties, @babel/plugin-proposal-private-methods and @babel/plugin-proposal-private-property-in-object (when they are enabled): you can silence this warning by explicitly adding
	["@babel/plugin-proposal-private-methods", { "loose": true }]
to the "plugins" section of your Babel config.
Though the "loose" option was set to "false" in your @babel/preset-env config, it will not be used for @babel/plugin-proposal-private-property-in-object since the "loose" mode option was set to "true" for @babel/plugin-proposal-class-properties.
The "loose" option must be the same for @babel/plugin-proposal-class-properties, @babel/plugin-proposal-private-methods and @babel/plugin-proposal-private-property-in-object (when they are enabled): you can silence this warning by explicitly adding
	["@babel/plugin-proposal-private-property-in-object", { "loose": true }]
to the "plugins" section of your Babel config.
Though the "loose" option was set to "false" in your @babel/preset-env config, it will not be used for @babel/plugin-proposal-private-methods since the "loose" mode option was set to "true" for @babel/plugin-proposal-private-property-in-object.
The "loose" option must be the same for @babel/plugin-proposal-class-properties, @babel/plugin-proposal-private-methods and @babel/plugin-proposal-private-property-in-object (when they are enabled): you can silence this warning by explicitly adding
	["@babel/plugin-proposal-private-methods", { "loose": true }]
to the "plugins" section of your Babel config.
Though the "loose" option was set to "false" in your @babel/preset-env config, it will not be used for @babel/plugin-proposal-private-property-in-object since the "loose" mode option was set to "true" for @babel/plugin-proposal-class-properties.
The "loose" option must be the same for @babel/plugin-proposal-class-properties, @babel/plugin-proposal-private-methods and @babel/plugin-proposal-private-property-in-object (when they are enabled): you can silence this warning by explicitly adding
	["@babel/plugin-proposal-private-property-in-object", { "loose": true }]
to the "plugins" section of your Babel config.
Though the "loose" option was set to "false" in your @babel/preset-env config, it will not be used for @babel/plugin-proposal-private-methods since the "loose" mode option was set to "true" for @babel/plugin-proposal-private-property-in-object.
The "loose" option must be the same for @babel/plugin-proposal-class-properties, @babel/plugin-proposal-private-methods and @babel/plugin-proposal-private-property-in-object (when they are enabled): you can silence this warning by explicitly adding
	["@babel/plugin-proposal-private-methods", { "loose": true }]
to the "plugins" section of your Babel config.
Though the "loose" option was set to "false" in your @babel/preset-env config, it will not be used for @babel/plugin-proposal-private-property-in-object since the "loose" mode option was set to "true" for @babel/plugin-proposal-class-properties.
The "loose" option must be the same for @babel/plugin-proposal-class-properties, @babel/plugin-proposal-private-methods and @babel/plugin-proposal-private-property-in-object (when they are enabled): you can silence this warning by explicitly adding
	["@babel/plugin-proposal-private-property-in-object", { "loose": true }]
to the "plugins" section of your Babel config.
Though the "loose" option was set to "false" in your @babel/preset-env config, it will not be used for @babel/plugin-proposal-private-methods since the "loose" mode option was set to "true" for @babel/plugin-proposal-private-property-in-object.
The "loose" option must be the same for @babel/plugin-proposal-class-properties, @babel/plugin-proposal-private-methods and @babel/plugin-proposal-private-property-in-object (when they are enabled): you can silence this warning by explicitly adding
	["@babel/plugin-proposal-private-methods", { "loose": true }]
to the "plugins" section of your Babel config.
Though the "loose" option was set to "false" in your @babel/preset-env config, it will not be used for @babel/plugin-proposal-private-property-in-object since the "loose" mode option was set to "true" for @babel/plugin-proposal-class-properties.
The "loose" option must be the same for @babel/plugin-proposal-class-properties, @babel/plugin-proposal-private-methods and @babel/plugin-proposal-private-property-in-object (when they are enabled): you can silence this warning by explicitly adding
	["@babel/plugin-proposal-private-property-in-object", { "loose": true }]
to the "plugins" section of your Babel config.
Though the "loose" option was set to "false" in your @babel/preset-env config, it will not be used for @babel/plugin-proposal-private-methods since the "loose" mode option was set to "true" for @babel/plugin-proposal-private-property-in-object.
The "loose" option must be the same for @babel/plugin-proposal-class-properties, @babel/plugin-proposal-private-methods and @babel/plugin-proposal-private-property-in-object (when they are enabled): you can silence this warning by explicitly adding
	["@babel/plugin-proposal-private-methods", { "loose": true }]
to the "plugins" section of your Babel config.
Though the "loose" option was set to "false" in your @babel/preset-env config, it will not be used for @babel/plugin-proposal-private-property-in-object since the "loose" mode option was set to "true" for @babel/plugin-proposal-class-properties.
The "loose" option must be the same for @babel/plugin-proposal-class-properties, @babel/plugin-proposal-private-methods and @babel/plugin-proposal-private-property-in-object (when they are enabled): you can silence this warning by explicitly adding
	["@babel/plugin-proposal-private-property-in-object", { "loose": true }]
to the "plugins" section of your Babel config.
Though the "loose" option was set to "false" in your @babel/preset-env config, it will not be used for @babel/plugin-proposal-private-methods since the "loose" mode option was set to "true" for @babel/plugin-proposal-private-property-in-object.
The "loose" option must be the same for @babel/plugin-proposal-class-properties, @babel/plugin-proposal-private-methods and @babel/plugin-proposal-private-property-in-object (when they are enabled): you can silence this warning by explicitly adding
	["@babel/plugin-proposal-private-methods", { "loose": true }]
to the "plugins" section of your Babel config.
Though the "loose" option was set to "false" in your @babel/preset-env config, it will not be used for @babel/plugin-proposal-private-property-in-object since the "loose" mode option was set to "true" for @babel/plugin-proposal-class-properties.
The "loose" option must be the same for @babel/plugin-proposal-class-properties, @babel/plugin-proposal-private-methods and @babel/plugin-proposal-private-property-in-object (when they are enabled): you can silence this warning by explicitly adding
	["@babel/plugin-proposal-private-property-in-object", { "loose": true }]
to the "plugins" section of your Babel config.
Though the "loose" option was set to "false" in your @babel/preset-env config, it will not be used for @babel/plugin-proposal-private-methods since the "loose" mode option was set to "true" for @babel/plugin-proposal-private-property-in-object.
The "loose" option must be the same for @babel/plugin-proposal-class-properties, @babel/plugin-proposal-private-methods and @babel/plugin-proposal-private-property-in-object (when they are enabled): you can silence this warning by explicitly adding
	["@babel/plugin-proposal-private-methods", { "loose": true }]
to the "plugins" section of your Babel config.
Though the "loose" option was set to "false" in your @babel/preset-env config, it will not be used for @babel/plugin-proposal-private-property-in-object since the "loose" mode option was set to "true" for @babel/plugin-proposal-class-properties.
The "loose" option must be the same for @babel/plugin-proposal-class-properties, @babel/plugin-proposal-private-methods and @babel/plugin-proposal-private-property-in-object (when they are enabled): you can silence this warning by explicitly adding
	["@babel/plugin-proposal-private-property-in-object", { "loose": true }]
to the "plugins" section of your Babel config.
Though the "loose" option was set to "false" in your @babel/preset-env config, it will not be used for @babel/plugin-proposal-private-methods since the "loose" mode option was set to "true" for @babel/plugin-proposal-private-property-in-object.
The "loose" option must be the same for @babel/plugin-proposal-class-properties, @babel/plugin-proposal-private-methods and @babel/plugin-proposal-private-property-in-object (when they are enabled): you can silence this warning by explicitly adding
	["@babel/plugin-proposal-private-methods", { "loose": true }]
to the "plugins" section of your Babel config.
Though the "loose" option was set to "false" in your @babel/preset-env config, it will not be used for @babel/plugin-proposal-private-property-in-object since the "loose" mode option was set to "true" for @babel/plugin-proposal-class-properties.
The "loose" option must be the same for @babel/plugin-proposal-class-properties, @babel/plugin-proposal-private-methods and @babel/plugin-proposal-private-property-in-object (when they are enabled): you can silence this warning by explicitly adding
	["@babel/plugin-proposal-private-property-in-object", { "loose": true }]
to the "plugins" section of your Babel config.
Though the "loose" option was set to "false" in your @babel/preset-env config, it will not be used for @babel/plugin-proposal-private-methods since the "loose" mode option was set to "true" for @babel/plugin-proposal-private-property-in-object.
The "loose" option must be the same for @babel/plugin-proposal-class-properties, @babel/plugin-proposal-private-methods and @babel/plugin-proposal-private-property-in-object (when they are enabled): you can silence this warning by explicitly adding
	["@babel/plugin-proposal-private-methods", { "loose": true }]
to the "plugins" section of your Babel config.
Though the "loose" option was set to "false" in your @babel/preset-env config, it will not be used for @babel/plugin-proposal-private-property-in-object since the "loose" mode option was set to "true" for @babel/plugin-proposal-class-properties.
The "loose" option must be the same for @babel/plugin-proposal-class-properties, @babel/plugin-proposal-private-methods and @babel/plugin-proposal-private-property-in-object (when they are enabled): you can silence this warning by explicitly adding
	["@babel/plugin-proposal-private-property-in-object", { "loose": true }]
to the "plugins" section of your Babel config.
Though the "loose" option was set to "false" in your @babel/preset-env config, it will not be used for @babel/plugin-proposal-private-methods since the "loose" mode option was set to "true" for @babel/plugin-proposal-private-property-in-object.
The "loose" option must be the same for @babel/plugin-proposal-class-properties, @babel/plugin-proposal-private-methods and @babel/plugin-proposal-private-property-in-object (when they are enabled): you can silence this warning by explicitly adding
	["@babel/plugin-proposal-private-methods", { "loose": true }]
to the "plugins" section of your Babel config.
Though the "loose" option was set to "false" in your @babel/preset-env config, it will not be used for @babel/plugin-proposal-private-property-in-object since the "loose" mode option was set to "true" for @babel/plugin-proposal-class-properties.
The "loose" option must be the same for @babel/plugin-proposal-class-properties, @babel/plugin-proposal-private-methods and @babel/plugin-proposal-private-property-in-object (when they are enabled): you can silence this warning by explicitly adding
	["@babel/plugin-proposal-private-property-in-object", { "loose": true }]
to the "plugins" section of your Babel config.
Though the "loose" option was set to "false" in your @babel/preset-env config, it will not be used for @babel/plugin-proposal-private-methods since the "loose" mode option was set to "true" for @babel/plugin-proposal-private-property-in-object.
The "loose" option must be the same for @babel/plugin-proposal-class-properties, @babel/plugin-proposal-private-methods and @babel/plugin-proposal-private-property-in-object (when they are enabled): you can silence this warning by explicitly adding
	["@babel/plugin-proposal-private-methods", { "loose": true }]
to the "plugins" section of your Babel config.
Though the "loose" option was set to "false" in your @babel/preset-env config, it will not be used for @babel/plugin-proposal-private-property-in-object since the "loose" mode option was set to "true" for @babel/plugin-proposal-class-properties.
The "loose" option must be the same for @babel/plugin-proposal-class-properties, @babel/plugin-proposal-private-methods and @babel/plugin-proposal-private-property-in-object (when they are enabled): you can silence this warning by explicitly adding
	["@babel/plugin-proposal-private-property-in-object", { "loose": true }]
to the "plugins" section of your Babel config.
Though the "loose" option was set to "false" in your @babel/preset-env config, it will not be used for @babel/plugin-proposal-private-methods since the "loose" mode option was set to "true" for @babel/plugin-proposal-private-property-in-object.
The "loose" option must be the same for @babel/plugin-proposal-class-properties, @babel/plugin-proposal-private-methods and @babel/plugin-proposal-private-property-in-object (when they are enabled): you can silence this warning by explicitly adding
	["@babel/plugin-proposal-private-methods", { "loose": true }]
to the "plugins" section of your Babel config.
Though the "loose" option was set to "false" in your @babel/preset-env config, it will not be used for @babel/plugin-proposal-private-property-in-object since the "loose" mode option was set to "true" for @babel/plugin-proposal-class-properties.
The "loose" option must be the same for @babel/plugin-proposal-class-properties, @babel/plugin-proposal-private-methods and @babel/plugin-proposal-private-property-in-object (when they are enabled): you can silence this warning by explicitly adding
	["@babel/plugin-proposal-private-property-in-object", { "loose": true }]
to the "plugins" section of your Babel config.
Though the "loose" option was set to "false" in your @babel/preset-env config, it will not be used for @babel/plugin-proposal-private-methods since the "loose" mode option was set to "true" for @babel/plugin-proposal-private-property-in-object.
The "loose" option must be the same for @babel/plugin-proposal-class-properties, @babel/plugin-proposal-private-methods and @babel/plugin-proposal-private-property-in-object (when they are enabled): you can silence this warning by explicitly adding
	["@babel/plugin-proposal-private-methods", { "loose": true }]
to the "plugins" section of your Babel config.
Though the "loose" option was set to "false" in your @babel/preset-env config, it will not be used for @babel/plugin-proposal-private-property-in-object since the "loose" mode option was set to "true" for @babel/plugin-proposal-class-properties.
The "loose" option must be the same for @babel/plugin-proposal-class-properties, @babel/plugin-proposal-private-methods and @babel/plugin-proposal-private-property-in-object (when they are enabled): you can silence this warning by explicitly adding
	["@babel/plugin-proposal-private-property-in-object", { "loose": true }]
to the "plugins" section of your Babel config.
Though the "loose" option was set to "false" in your @babel/preset-env config, it will not be used for @babel/plugin-proposal-private-methods since the "loose" mode option was set to "true" for @babel/plugin-proposal-private-property-in-object.
The "loose" option must be the same for @babel/plugin-proposal-class-properties, @babel/plugin-proposal-private-methods and @babel/plugin-proposal-private-property-in-object (when they are enabled): you can silence this warning by explicitly adding
	["@babel/plugin-proposal-private-methods", { "loose": true }]
to the "plugins" section of your Babel config.
Though the "loose" option was set to "false" in your @babel/preset-env config, it will not be used for @babel/plugin-proposal-private-property-in-object since the "loose" mode option was set to "true" for @babel/plugin-proposal-class-properties.
The "loose" option must be the same for @babel/plugin-proposal-class-properties, @babel/plugin-proposal-private-methods and @babel/plugin-proposal-private-property-in-object (when they are enabled): you can silence this warning by explicitly adding
	["@babel/plugin-proposal-private-property-in-object", { "loose": true }]
to the "plugins" section of your Babel config.
Though the "loose" option was set to "false" in your @babel/preset-env config, it will not be used for @babel/plugin-proposal-private-methods since the "loose" mode option was set to "true" for @babel/plugin-proposal-private-property-in-object.
The "loose" option must be the same for @babel/plugin-proposal-class-properties, @babel/plugin-proposal-private-methods and @babel/plugin-proposal-private-property-in-object (when they are enabled): you can silence this warning by explicitly adding
	["@babel/plugin-proposal-private-methods", { "loose": true }]
to the "plugins" section of your Babel config.
Though the "loose" option was set to "false" in your @babel/preset-env config, it will not be used for @babel/plugin-proposal-private-property-in-object since the "loose" mode option was set to "true" for @babel/plugin-proposal-class-properties.
The "loose" option must be the same for @babel/plugin-proposal-class-properties, @babel/plugin-proposal-private-methods and @babel/plugin-proposal-private-property-in-object (when they are enabled): you can silence this warning by explicitly adding
	["@babel/plugin-proposal-private-property-in-object", { "loose": true }]
to the "plugins" section of your Babel config.
Though the "loose" option was set to "false" in your @babel/preset-env config, it will not be used for @babel/plugin-proposal-private-methods since the "loose" mode option was set to "true" for @babel/plugin-proposal-private-property-in-object.
The "loose" option must be the same for @babel/plugin-proposal-class-properties, @babel/plugin-proposal-private-methods and @babel/plugin-proposal-private-property-in-object (when they are enabled): you can silence this warning by explicitly adding
	["@babel/plugin-proposal-private-methods", { "loose": true }]
to the "plugins" section of your Babel config.
Though the "loose" option was set to "false" in your @babel/preset-env config, it will not be used for @babel/plugin-proposal-private-property-in-object since the "loose" mode option was set to "true" for @babel/plugin-proposal-class-properties.
The "loose" option must be the same for @babel/plugin-proposal-class-properties, @babel/plugin-proposal-private-methods and @babel/plugin-proposal-private-property-in-object (when they are enabled): you can silence this warning by explicitly adding
	["@babel/plugin-proposal-private-property-in-object", { "loose": true }]
to the "plugins" section of your Babel config.
Though the "loose" option was set to "false" in your @babel/preset-env config, it will not be used for @babel/plugin-proposal-private-methods since the "loose" mode option was set to "true" for @babel/plugin-proposal-private-property-in-object.
The "loose" option must be the same for @babel/plugin-proposal-class-properties, @babel/plugin-proposal-private-methods and @babel/plugin-proposal-private-property-in-object (when they are enabled): you can silence this warning by explicitly adding
	["@babel/plugin-proposal-private-methods", { "loose": true }]
to the "plugins" section of your Babel config.
Though the "loose" option was set to "false" in your @babel/preset-env config, it will not be used for @babel/plugin-proposal-private-property-in-object since the "loose" mode option was set to "true" for @babel/plugin-proposal-class-properties.
The "loose" option must be the same for @babel/plugin-proposal-class-properties, @babel/plugin-proposal-private-methods and @babel/plugin-proposal-private-property-in-object (when they are enabled): you can silence this warning by explicitly adding
	["@babel/plugin-proposal-private-property-in-object", { "loose": true }]
to the "plugins" section of your Babel config.
Though the "loose" option was set to "false" in your @babel/preset-env config, it will not be used for @babel/plugin-proposal-private-methods since the "loose" mode option was set to "true" for @babel/plugin-proposal-private-property-in-object.
The "loose" option must be the same for @babel/plugin-proposal-class-properties, @babel/plugin-proposal-private-methods and @babel/plugin-proposal-private-property-in-object (when they are enabled): you can silence this warning by explicitly adding
	["@babel/plugin-proposal-private-methods", { "loose": true }]
to the "plugins" section of your Babel config.
Though the "loose" option was set to "false" in your @babel/preset-env config, it will not be used for @babel/plugin-proposal-private-property-in-object since the "loose" mode option was set to "true" for @babel/plugin-proposal-class-properties.
The "loose" option must be the same for @babel/plugin-proposal-class-properties, @babel/plugin-proposal-private-methods and @babel/plugin-proposal-private-property-in-object (when they are enabled): you can silence this warning by explicitly adding
	["@babel/plugin-proposal-private-property-in-object", { "loose": true }]
to the "plugins" section of your Babel config.
Though the "loose" option was set to "false" in your @babel/preset-env config, it will not be used for @babel/plugin-proposal-private-methods since the "loose" mode option was set to "true" for @babel/plugin-proposal-private-property-in-object.
The "loose" option must be the same for @babel/plugin-proposal-class-properties, @babel/plugin-proposal-private-methods and @babel/plugin-proposal-private-property-in-object (when they are enabled): you can silence this warning by explicitly adding
	["@babel/plugin-proposal-private-methods", { "loose": true }]
to the "plugins" section of your Babel config.
Though the "loose" option was set to "false" in your @babel/preset-env config, it will not be used for @babel/plugin-proposal-private-property-in-object since the "loose" mode option was set to "true" for @babel/plugin-proposal-class-properties.
The "loose" option must be the same for @babel/plugin-proposal-class-properties, @babel/plugin-proposal-private-methods and @babel/plugin-proposal-private-property-in-object (when they are enabled): you can silence this warning by explicitly adding
	["@babel/plugin-proposal-private-property-in-object", { "loose": true }]
to the "plugins" section of your Babel config.
Though the "loose" option was set to "false" in your @babel/preset-env config, it will not be used for @babel/plugin-proposal-private-methods since the "loose" mode option was set to "true" for @babel/plugin-proposal-private-property-in-object.
The "loose" option must be the same for @babel/plugin-proposal-class-properties, @babel/plugin-proposal-private-methods and @babel/plugin-proposal-private-property-in-object (when they are enabled): you can silence this warning by explicitly adding
	["@babel/plugin-proposal-private-methods", { "loose": true }]
to the "plugins" section of your Babel config.
Though the "loose" option was set to "false" in your @babel/preset-env config, it will not be used for @babel/plugin-proposal-private-property-in-object since the "loose" mode option was set to "true" for @babel/plugin-proposal-class-properties.
The "loose" option must be the same for @babel/plugin-proposal-class-properties, @babel/plugin-proposal-private-methods and @babel/plugin-proposal-private-property-in-object (when they are enabled): you can silence this warning by explicitly adding
	["@babel/plugin-proposal-private-property-in-object", { "loose": true }]
to the "plugins" section of your Babel config.
Though the "loose" option was set to "false" in your @babel/preset-env config, it will not be used for @babel/plugin-proposal-private-methods since the "loose" mode option was set to "true" for @babel/plugin-proposal-private-property-in-object.
The "loose" option must be the same for @babel/plugin-proposal-class-properties, @babel/plugin-proposal-private-methods and @babel/plugin-proposal-private-property-in-object (when they are enabled): you can silence this warning by explicitly adding
	["@babel/plugin-proposal-private-methods", { "loose": true }]
to the "plugins" section of your Babel config.
Though the "loose" option was set to "false" in your @babel/preset-env config, it will not be used for @babel/plugin-proposal-private-property-in-object since the "loose" mode option was set to "true" for @babel/plugin-proposal-class-properties.
The "loose" option must be the same for @babel/plugin-proposal-class-properties, @babel/plugin-proposal-private-methods and @babel/plugin-proposal-private-property-in-object (when they are enabled): you can silence this warning by explicitly adding
	["@babel/plugin-proposal-private-property-in-object", { "loose": true }]
to the "plugins" section of your Babel config.
Though the "loose" option was set to "false" in your @babel/preset-env config, it will not be used for @babel/plugin-proposal-private-methods since the "loose" mode option was set to "true" for @babel/plugin-proposal-private-property-in-object.
The "loose" option must be the same for @babel/plugin-proposal-class-properties, @babel/plugin-proposal-private-methods and @babel/plugin-proposal-private-property-in-object (when they are enabled): you can silence this warning by explicitly adding
	["@babel/plugin-proposal-private-methods", { "loose": true }]
to the "plugins" section of your Babel config.
Though the "loose" option was set to "false" in your @babel/preset-env config, it will not be used for @babel/plugin-proposal-private-property-in-object since the "loose" mode option was set to "true" for @babel/plugin-proposal-class-properties.
The "loose" option must be the same for @babel/plugin-proposal-class-properties, @babel/plugin-proposal-private-methods and @babel/plugin-proposal-private-property-in-object (when they are enabled): you can silence this warning by explicitly adding
	["@babel/plugin-proposal-private-property-in-object", { "loose": true }]
to the "plugins" section of your Babel config.
Though the "loose" option was set to "false" in your @babel/preset-env config, it will not be used for @babel/plugin-proposal-private-methods since the "loose" mode option was set to "true" for @babel/plugin-proposal-private-property-in-object.
The "loose" option must be the same for @babel/plugin-proposal-class-properties, @babel/plugin-proposal-private-methods and @babel/plugin-proposal-private-property-in-object (when they are enabled): you can silence this warning by explicitly adding
	["@babel/plugin-proposal-private-methods", { "loose": true }]
to the "plugins" section of your Babel config.
Though the "loose" option was set to "false" in your @babel/preset-env config, it will not be used for @babel/plugin-proposal-private-property-in-object since the "loose" mode option was set to "true" for @babel/plugin-proposal-class-properties.
The "loose" option must be the same for @babel/plugin-proposal-class-properties, @babel/plugin-proposal-private-methods and @babel/plugin-proposal-private-property-in-object (when they are enabled): you can silence this warning by explicitly adding
	["@babel/plugin-proposal-private-property-in-object", { "loose": true }]
to the "plugins" section of your Babel config.
Though the "loose" option was set to "false" in your @babel/preset-env config, it will not be used for @babel/plugin-proposal-private-methods since the "loose" mode option was set to "true" for @babel/plugin-proposal-private-property-in-object.
The "loose" option must be the same for @babel/plugin-proposal-class-properties, @babel/plugin-proposal-private-methods and @babel/plugin-proposal-private-property-in-object (when they are enabled): you can silence this warning by explicitly adding
	["@babel/plugin-proposal-private-methods", { "loose": true }]
to the "plugins" section of your Babel config.
Though the "loose" option was set to "false" in your @babel/preset-env config, it will not be used for @babel/plugin-proposal-private-property-in-object since the "loose" mode option was set to "true" for @babel/plugin-proposal-class-properties.
The "loose" option must be the same for @babel/plugin-proposal-class-properties, @babel/plugin-proposal-private-methods and @babel/plugin-proposal-private-property-in-object (when they are enabled): you can silence this warning by explicitly adding
	["@babel/plugin-proposal-private-property-in-object", { "loose": true }]
to the "plugins" section of your Babel config.
Though the "loose" option was set to "false" in your @babel/preset-env config, it will not be used for @babel/plugin-proposal-private-methods since the "loose" mode option was set to "true" for @babel/plugin-proposal-private-property-in-object.
The "loose" option must be the same for @babel/plugin-proposal-class-properties, @babel/plugin-proposal-private-methods and @babel/plugin-proposal-private-property-in-object (when they are enabled): you can silence this warning by explicitly adding
	["@babel/plugin-proposal-private-methods", { "loose": true }]
to the "plugins" section of your Babel config.
Though the "loose" option was set to "false" in your @babel/preset-env config, it will not be used for @babel/plugin-proposal-private-property-in-object since the "loose" mode option was set to "true" for @babel/plugin-proposal-class-properties.
The "loose" option must be the same for @babel/plugin-proposal-class-properties, @babel/plugin-proposal-private-methods and @babel/plugin-proposal-private-property-in-object (when they are enabled): you can silence this warning by explicitly adding
	["@babel/plugin-proposal-private-property-in-object", { "loose": true }]
to the "plugins" section of your Babel config.
Though the "loose" option was set to "false" in your @babel/preset-env config, it will not be used for @babel/plugin-proposal-private-methods since the "loose" mode option was set to "true" for @babel/plugin-proposal-private-property-in-object.
The "loose" option must be the same for @babel/plugin-proposal-class-properties, @babel/plugin-proposal-private-methods and @babel/plugin-proposal-private-property-in-object (when they are enabled): you can silence this warning by explicitly adding
	["@babel/plugin-proposal-private-methods", { "loose": true }]
to the "plugins" section of your Babel config.
Though the "loose" option was set to "false" in your @babel/preset-env config, it will not be used for @babel/plugin-proposal-private-property-in-object since the "loose" mode option was set to "true" for @babel/plugin-proposal-class-properties.
The "loose" option must be the same for @babel/plugin-proposal-class-properties, @babel/plugin-proposal-private-methods and @babel/plugin-proposal-private-property-in-object (when they are enabled): you can silence this warning by explicitly adding
	["@babel/plugin-proposal-private-property-in-object", { "loose": true }]
to the "plugins" section of your Babel config.
Though the "loose" option was set to "false" in your @babel/preset-env config, it will not be used for @babel/plugin-proposal-private-methods since the "loose" mode option was set to "true" for @babel/plugin-proposal-private-property-in-object.
The "loose" option must be the same for @babel/plugin-proposal-class-properties, @babel/plugin-proposal-private-methods and @babel/plugin-proposal-private-property-in-object (when they are enabled): you can silence this warning by explicitly adding
	["@babel/plugin-proposal-private-methods", { "loose": true }]
to the "plugins" section of your Babel config.
Though the "loose" option was set to "false" in your @babel/preset-env config, it will not be used for @babel/plugin-proposal-private-property-in-object since the "loose" mode option was set to "true" for @babel/plugin-proposal-class-properties.
The "loose" option must be the same for @babel/plugin-proposal-class-properties, @babel/plugin-proposal-private-methods and @babel/plugin-proposal-private-property-in-object (when they are enabled): you can silence this warning by explicitly adding
	["@babel/plugin-proposal-private-property-in-object", { "loose": true }]
to the "plugins" section of your Babel config.
Though the "loose" option was set to "false" in your @babel/preset-env config, it will not be used for @babel/plugin-proposal-private-methods since the "loose" mode option was set to "true" for @babel/plugin-proposal-private-property-in-object.
The "loose" option must be the same for @babel/plugin-proposal-class-properties, @babel/plugin-proposal-private-methods and @babel/plugin-proposal-private-property-in-object (when they are enabled): you can silence this warning by explicitly adding
	["@babel/plugin-proposal-private-methods", { "loose": true }]
to the "plugins" section of your Babel config.
Though the "loose" option was set to "false" in your @babel/preset-env config, it will not be used for @babel/plugin-proposal-private-property-in-object since the "loose" mode option was set to "true" for @babel/plugin-proposal-class-properties.
The "loose" option must be the same for @babel/plugin-proposal-class-properties, @babel/plugin-proposal-private-methods and @babel/plugin-proposal-private-property-in-object (when they are enabled): you can silence this warning by explicitly adding
	["@babel/plugin-proposal-private-property-in-object", { "loose": true }]
to the "plugins" section of your Babel config.
Though the "loose" option was set to "false" in your @babel/preset-env config, it will not be used for @babel/plugin-proposal-private-methods since the "loose" mode option was set to "true" for @babel/plugin-proposal-private-property-in-object.
The "loose" option must be the same for @babel/plugin-proposal-class-properties, @babel/plugin-proposal-private-methods and @babel/plugin-proposal-private-property-in-object (when they are enabled): you can silence this warning by explicitly adding
	["@babel/plugin-proposal-private-methods", { "loose": true }]
to the "plugins" section of your Babel config.
Though the "loose" option was set to "false" in your @babel/preset-env config, it will not be used for @babel/plugin-proposal-private-property-in-object since the "loose" mode option was set to "true" for @babel/plugin-proposal-class-properties.
The "loose" option must be the same for @babel/plugin-proposal-class-properties, @babel/plugin-proposal-private-methods and @babel/plugin-proposal-private-property-in-object (when they are enabled): you can silence this warning by explicitly adding
	["@babel/plugin-proposal-private-property-in-object", { "loose": true }]
to the "plugins" section of your Babel config.
Though the "loose" option was set to "false" in your @babel/preset-env config, it will not be used for @babel/plugin-proposal-private-methods since the "loose" mode option was set to "true" for @babel/plugin-proposal-private-property-in-object.
The "loose" option must be the same for @babel/plugin-proposal-class-properties, @babel/plugin-proposal-private-methods and @babel/plugin-proposal-private-property-in-object (when they are enabled): you can silence this warning by explicitly adding
	["@babel/plugin-proposal-private-methods", { "loose": true }]
to the "plugins" section of your Babel config.
Though the "loose" option was set to "false" in your @babel/preset-env config, it will not be used for @babel/plugin-proposal-private-property-in-object since the "loose" mode option was set to "true" for @babel/plugin-proposal-class-properties.
The "loose" option must be the same for @babel/plugin-proposal-class-properties, @babel/plugin-proposal-private-methods and @babel/plugin-proposal-private-property-in-object (when they are enabled): you can silence this warning by explicitly adding
	["@babel/plugin-proposal-private-property-in-object", { "loose": true }]
to the "plugins" section of your Babel config.
Though the "loose" option was set to "false" in your @babel/preset-env config, it will not be used for @babel/plugin-proposal-private-methods since the "loose" mode option was set to "true" for @babel/plugin-proposal-private-property-in-object.
The "loose" option must be the same for @babel/plugin-proposal-class-properties, @babel/plugin-proposal-private-methods and @babel/plugin-proposal-private-property-in-object (when they are enabled): you can silence this warning by explicitly adding
	["@babel/plugin-proposal-private-methods", { "loose": true }]
to the "plugins" section of your Babel config.
Though the "loose" option was set to "false" in your @babel/preset-env config, it will not be used for @babel/plugin-proposal-private-property-in-object since the "loose" mode option was set to "true" for @babel/plugin-proposal-class-properties.
The "loose" option must be the same for @babel/plugin-proposal-class-properties, @babel/plugin-proposal-private-methods and @babel/plugin-proposal-private-property-in-object (when they are enabled): you can silence this warning by explicitly adding
	["@babel/plugin-proposal-private-property-in-object", { "loose": true }]
to the "plugins" section of your Babel config.
Though the "loose" option was set to "false" in your @babel/preset-env config, it will not be used for @babel/plugin-proposal-private-methods since the "loose" mode option was set to "true" for @babel/plugin-proposal-private-property-in-object.
The "loose" option must be the same for @babel/plugin-proposal-class-properties, @babel/plugin-proposal-private-methods and @babel/plugin-proposal-private-property-in-object (when they are enabled): you can silence this warning by explicitly adding
	["@babel/plugin-proposal-private-methods", { "loose": true }]
to the "plugins" section of your Babel config.
Though the "loose" option was set to "false" in your @babel/preset-env config, it will not be used for @babel/plugin-proposal-private-property-in-object since the "loose" mode option was set to "true" for @babel/plugin-proposal-class-properties.
The "loose" option must be the same for @babel/plugin-proposal-class-properties, @babel/plugin-proposal-private-methods and @babel/plugin-proposal-private-property-in-object (when they are enabled): you can silence this warning by explicitly adding
	["@babel/plugin-proposal-private-property-in-object", { "loose": true }]
to the "plugins" section of your Babel config.
Though the "loose" option was set to "false" in your @babel/preset-env config, it will not be used for @babel/plugin-proposal-private-methods since the "loose" mode option was set to "true" for @babel/plugin-proposal-private-property-in-object.
The "loose" option must be the same for @babel/plugin-proposal-class-properties, @babel/plugin-proposal-private-methods and @babel/plugin-proposal-private-property-in-object (when they are enabled): you can silence this warning by explicitly adding
	["@babel/plugin-proposal-private-methods", { "loose": true }]
to the "plugins" section of your Babel config.

[Webpacker] assets by chunk 2.79 MiB (id hint: vendors)
  asset js/vendors-node_modules_axios_index_js-node_modules_moment_locale_af_js-node_modules_moment_loca-1725af-08ecf50487f26afa786a.js 1.79 MiB [emitted] [immutable] (id hint: vendors) 1 related asset
  asset js/vendors-node_modules_react-datepicker_dist_react-datepicker_min_js-node_modules_react-text-ma-b62690-f9a82906bc1ecb5c8558.js 593 KiB [emitted] [immutable] (id hint: vendors) 1 related asset
  asset js/vendors-node_modules_chart_js_dist_Chart_js-2f4d47fcf763590b8ca2.js 433 KiB [emitted] [immutable] (id hint: vendors) 1 related asset
asset js/dashboard-a56e962e011d58b58430.js 122 KiB [emitted] [immutable] (name: dashboard) 1 related asset
asset js/history-7990f155674469845572.js 58.6 KiB [emitted] [immutable] (name: history) 1 related asset
asset js/insights-b38d4971a63c2b5f1101.js 57.8 KiB [emitted] [immutable] (name: insights) 1 related asset
asset js/upload_preview-b21fa8e9df61a485e81c.js 35.7 KiB [emitted] [immutable] (name: upload_preview) 1 related asset
asset js/app_javascript_api_main_js-app_javascript_helpers_main_js-node_modules_moment_locale_sync_rec-f85292-d4ed4d58029909fba452.js 30.4 KiB [emitted] [immutable] 1 related asset
asset js/runtime-cd31353a17a0505265f4.js 7.24 KiB [emitted] [immutable] (name: runtime) 1 related asset
asset manifest.json 5.61 KiB [emitted]
asset js/application-bb859c936b81fe913e43.js 1.3 KiB [emitted] [immutable] (name: application) 1 related asset
Entrypoint application 8.54 KiB (6.98 KiB) = js/runtime-cd31353a17a0505265f4.js 7.24 KiB js/application-bb859c936b81fe913e43.js 1.3 KiB 2 auxiliary assets
Entrypoint dashboard 2.95 MiB (3.31 MiB) = 6 assets 6 auxiliary assets
Entrypoint history 2.47 MiB (2.73 MiB) = js/runtime-cd31353a17a0505265f4.js 7.24 KiB js/vendors-node_modules_axios_index_js-node_modules_moment_locale_af_js-node_modules_moment_loca-1725af-08ecf50487f26afa786a.js 1.79 MiB js/vendors-node_modules_react-datepicker_dist_react-datepicker_min_js-node_modules_react-text-ma-b62690-f9a82906bc1ecb5c8558.js 593 KiB js/app_javascript_api_main_js-app_javascript_helpers_main_js-node_modules_moment_locale_sync_rec-f85292-d4ed4d58029909fba452.js 30.4 KiB js/history-7990f155674469845572.js 58.6 KiB 5 auxiliary assets
Entrypoint insights 2.31 MiB (2.68 MiB) = js/runtime-cd31353a17a0505265f4.js 7.24 KiB js/vendors-node_modules_axios_index_js-node_modules_moment_locale_af_js-node_modules_moment_loca-1725af-08ecf50487f26afa786a.js 1.79 MiB js/vendors-node_modules_chart_js_dist_Chart_js-2f4d47fcf763590b8ca2.js 433 KiB js/app_javascript_api_main_js-app_javascript_helpers_main_js-node_modules_moment_locale_sync_rec-f85292-d4ed4d58029909fba452.js 30.4 KiB js/insights-b38d4971a63c2b5f1101.js 57.8 KiB 5 auxiliary assets
Entrypoint upload_preview 2.44 MiB (2.72 MiB) = js/runtime-cd31353a17a0505265f4.js 7.24 KiB js/vendors-node_modules_axios_index_js-node_modules_moment_locale_af_js-node_modules_moment_loca-1725af-08ecf50487f26afa786a.js 1.79 MiB js/vendors-node_modules_react-datepicker_dist_react-datepicker_min_js-node_modules_react-text-ma-b62690-f9a82906bc1ecb5c8558.js 593 KiB js/app_javascript_api_main_js-app_javascript_helpers_main_js-node_modules_moment_locale_sync_rec-f85292-d4ed4d58029909fba452.js 30.4 KiB js/upload_preview-b21fa8e9df61a485e81c.js 35.7 KiB 5 auxiliary assets
runtime modules 3.7 KiB 8 modules
modules by path ./node_modules/ 2.69 MiB 225 modules
modules by path ./app/javascript/ 211 KiB
  modules by path ./app/javascript/components/ 200 KiB 22 modules
  modules by path ./app/javascript/api/ 3.73 KiB 6 modules
  modules by path ./app/javascript/packs/ 3.73 KiB 5 modules
  modules by path ./app/javascript/helpers/*.js 3.78 KiB
    ./app/javascript/helpers/main.js 160 bytes [built] [code generated]
    ./app/javascript/helpers/numerics.js 1.65 KiB [built] [code generated]
    ./app/javascript/helpers/arrays.js 224 bytes [built] [code generated]
    ./app/javascript/helpers/alerts.js 1.4 KiB [built] [code generated]
    ./app/javascript/helpers/util.js 364 bytes [built] [code generated]
webpack 5.28.0 compiled successfully in 7593 ms

  Rendered dashboard/index.html.erb within layouts/application (Duration: 9196.2ms | Allocations: 5002)
  Rendered layouts/_image_paths.html.erb (Duration: 0.7ms | Allocations: 623)
  Rendered layouts/_navbar.html.erb (Duration: 1.3ms | Allocations: 1338)
  Rendered layout layouts/application.html.erb (Duration: 10501.5ms | Allocations: 2368213)
Completed 200 OK in 10527ms (Views: 10508.6ms | ActiveRecord: 0.0ms | Allocations: 2372396)


Started GET "/api/v1/categories" for 172.23.0.1 at 2022-09-20 14:30:03 +0000
Cannot render console from 172.23.0.1! Allowed networks: 127.0.0.0/127.255.255.255, ::1
Processing by Api::V1::CategoriesController#index as HTML
  [1m[36mCategory Load (1.7ms)[0m  [1m[34mSELECT "categories".* FROM "categories" ORDER BY "categories"."rank" ASC, "categories"."id" ASC, "categories"."name" ASC[0m
  ↳ app/controllers/api/v1/categories_controller.rb:4:in `index'
Completed 200 OK in 15ms (Views: 5.2ms | ActiveRecord: 3.9ms | Allocations: 7390)


Started GET "/api/v1/expenses?paid_after=1662004800" for 172.23.0.1 at 2022-09-20 14:30:03 +0000
Cannot render console from 172.23.0.1! Allowed networks: 127.0.0.0/127.255.255.255, ::1
Processing by Api::V1::ExpensesController#index as HTML
  Parameters: {"paid_after"=>"1662004800"}
  [1m[36mExpense Load (2.2ms)[0m  [1m[34mSELECT "expenses".* FROM "expenses" WHERE (paid_at >= '2022-09-01 04:00:00')[0m
  ↳ app/controllers/api/v1/expenses_controller.rb:18:in `index'
Completed 200 OK in 14ms (Views: 6.4ms | ActiveRecord: 4.0ms | Allocations: 5953)


Started GET "/api/v1/goals" for 172.23.0.1 at 2022-09-20 14:30:03 +0000
Cannot render console from 172.23.0.1! Allowed networks: 127.0.0.0/127.255.255.255, ::1
Processing by Api::V1::GoalsController#index as HTML
  [1m[36mUser Load (0.7ms)[0m  [1m[34mSELECT "users".* FROM "users" ORDER BY "users"."id" ASC LIMIT $1[0m  [["LIMIT", 1]]
  ↳ app/controllers/api/v1/goals_controller.rb:4:in `index'
Completed 200 OK in 11ms (Views: 0.2ms | ActiveRecord: 3.0ms | Allocations: 4306)


Started GET "/api/v1/reports/month?month=September+2022" for 172.23.0.1 at 2022-09-20 14:30:03 +0000
Cannot render console from 172.23.0.1! Allowed networks: 127.0.0.0/127.255.255.255, ::1
Processing by Api::V1::ReportsController#month as HTML
  Parameters: {"month"=>"September 2022"}
  [1m[35m (2.0ms)[0m  [1m[34m
        select categories.name AS category, categories.monthly_goal as monthly_goal, sum(expenses.amount) AS spend
        from expenses
        join categories on expenses.category_id = categories.id
        where paid_at >= '2022-09-01'
        and paid_at < '2022-10-01'
        group by categories.rank, categories.id
        order by categories.rank asc, categories.id asc
      [0m
  ↳ app/controllers/api/v1/reports_controller.rb:55:in `month'
  [1m[35m (0.5ms)[0m  [1m[34m
        select categories.name AS category, sum(expenses.amount) AS amount
        from expenses
        join categories on expenses.category_id = categories.id
        where paid_at >= '2022-01-01'
        and paid_at < '2022-09-01'
        group by categories.id
      [0m
  ↳ app/controllers/api/v1/reports_controller.rb:82:in `average_by_category'
  [1m[35m (0.5ms)[0m  [1m[34m
        select categories.name AS category, sum(expenses.amount) AS amount
        from expenses
        join categories on expenses.category_id = categories.id
        where paid_at >= '2022-01-01'
        and paid_at < '2022-09-01'
        group by categories.id
      [0m
  ↳ app/controllers/api/v1/reports_controller.rb:82:in `average_by_category'
  [1m[35m (0.3ms)[0m  [1m[34mSELECT SUM("expenses"."amount") FROM "expenses" WHERE (paid_at >= '2022-09-01' and paid_at < '2022-10-01')[0m
  ↳ app/controllers/api/v1/reports_controller.rb:70:in `month'
  [1m[36mUser Load (0.2ms)[0m  [1m[34mSELECT "users".* FROM "users" ORDER BY "users"."id" ASC LIMIT $1[0m  [["LIMIT", 1]]
  ↳ app/controllers/api/v1/reports_controller.rb:71:in `month'
Completed 200 OK in 9ms (Views: 0.6ms | ActiveRecord: 3.5ms | Allocations: 2473)


Started GET "/dashboard" for 172.23.0.1 at 2022-09-20 14:31:08 +0000
Cannot render console from 172.23.0.1! Allowed networks: 127.0.0.0/127.255.255.255, ::1
Processing by DashboardController#index as HTML
  Rendering layout layouts/application.html.erb
  Rendering dashboard/index.html.erb within layouts/application
[Webpacker] Compiling...
[Webpacker] Compiled all packs in /ontrack/public/packs
[Webpacker] Browserslist: caniuse-lite is outdated. Please run:
npx browserslist@latest --update-db

Why you should do it regularly:
https://github.com/browserslist/browserslist#browsers-data-updating
Though the "loose" option was set to "false" in your @babel/preset-env config, it will not be used for @babel/plugin-proposal-private-property-in-object since the "loose" mode option was set to "true" for @babel/plugin-proposal-class-properties.
The "loose" option must be the same for @babel/plugin-proposal-class-properties, @babel/plugin-proposal-private-methods and @babel/plugin-proposal-private-property-in-object (when they are enabled): you can silence this warning by explicitly adding
	["@babel/plugin-proposal-private-property-in-object", { "loose": true }]
to the "plugins" section of your Babel config.
Though the "loose" option was set to "false" in your @babel/preset-env config, it will not be used for @babel/plugin-proposal-private-methods since the "loose" mode option was set to "true" for @babel/plugin-proposal-private-property-in-object.
The "loose" option must be the same for @babel/plugin-proposal-class-properties, @babel/plugin-proposal-private-methods and @babel/plugin-proposal-private-property-in-object (when they are enabled): you can silence this warning by explicitly adding
	["@babel/plugin-proposal-private-methods", { "loose": true }]
to the "plugins" section of your Babel config.

[Webpacker] assets by status 2.98 MiB [cached] 9 assets
assets by path . 128 KiB
  asset js/dashboard-bb33ce3bfd32a97f0820.js 122 KiB [emitted] [immutable] (name: dashboard) 1 related asset
  asset manifest.json 5.61 KiB [emitted] [compared for emit]
Entrypoint application 8.54 KiB (6.98 KiB) = js/runtime-cd31353a17a0505265f4.js 7.24 KiB js/application-bb859c936b81fe913e43.js 1.3 KiB 2 auxiliary assets
Entrypoint dashboard 2.95 MiB (3.31 MiB) = 6 assets 6 auxiliary assets
Entrypoint history 2.47 MiB (2.73 MiB) = js/runtime-cd31353a17a0505265f4.js 7.24 KiB js/vendors-node_modules_axios_index_js-node_modules_moment_locale_af_js-node_modules_moment_loca-1725af-08ecf50487f26afa786a.js 1.79 MiB js/vendors-node_modules_react-datepicker_dist_react-datepicker_min_js-node_modules_react-text-ma-b62690-f9a82906bc1ecb5c8558.js 593 KiB js/app_javascript_api_main_js-app_javascript_helpers_main_js-node_modules_moment_locale_sync_rec-f85292-d4ed4d58029909fba452.js 30.4 KiB js/history-7990f155674469845572.js 58.6 KiB 5 auxiliary assets
Entrypoint insights 2.31 MiB (2.68 MiB) = js/runtime-cd31353a17a0505265f4.js 7.24 KiB js/vendors-node_modules_axios_index_js-node_modules_moment_locale_af_js-node_modules_moment_loca-1725af-08ecf50487f26afa786a.js 1.79 MiB js/vendors-node_modules_chart_js_dist_Chart_js-2f4d47fcf763590b8ca2.js 433 KiB js/app_javascript_api_main_js-app_javascript_helpers_main_js-node_modules_moment_locale_sync_rec-f85292-d4ed4d58029909fba452.js 30.4 KiB js/insights-b38d4971a63c2b5f1101.js 57.8 KiB 5 auxiliary assets
Entrypoint upload_preview 2.44 MiB (2.72 MiB) = js/runtime-cd31353a17a0505265f4.js 7.24 KiB js/vendors-node_modules_axios_index_js-node_modules_moment_locale_af_js-node_modules_moment_loca-1725af-08ecf50487f26afa786a.js 1.79 MiB js/vendors-node_modules_react-datepicker_dist_react-datepicker_min_js-node_modules_react-text-ma-b62690-f9a82906bc1ecb5c8558.js 593 KiB js/app_javascript_api_main_js-app_javascript_helpers_main_js-node_modules_moment_locale_sync_rec-f85292-d4ed4d58029909fba452.js 30.4 KiB js/upload_preview-b21fa8e9df61a485e81c.js 35.7 KiB 5 auxiliary assets
runtime modules 3.7 KiB 8 modules
modules by path ./node_modules/ 2.69 MiB 225 modules
modules by path ./app/javascript/ 211 KiB
  modules by path ./app/javascript/components/ 200 KiB 22 modules
  modules by path ./app/javascript/api/ 3.73 KiB 6 modules
  modules by path ./app/javascript/packs/ 3.73 KiB 5 modules
  modules by path ./app/javascript/helpers/*.js 3.78 KiB
    ./app/javascript/helpers/main.js 160 bytes [built] [code generated]
    ./app/javascript/helpers/numerics.js 1.65 KiB [built] [code generated]
    ./app/javascript/helpers/arrays.js 224 bytes [built] [code generated]
    ./app/javascript/helpers/alerts.js 1.4 KiB [built] [code generated]
    ./app/javascript/helpers/util.js 364 bytes [built] [code generated]
webpack 5.28.0 compiled successfully in 4205 ms

  Rendered dashboard/index.html.erb within layouts/application (Duration: 5528.6ms | Allocations: 4574)
  Rendered layouts/_image_paths.html.erb (Duration: 0.4ms | Allocations: 509)
  Rendered layouts/_navbar.html.erb (Duration: 0.7ms | Allocations: 868)
  Rendered layout layouts/application.html.erb (Duration: 5542.2ms | Allocations: 25687)
Completed 200 OK in 5544ms (Views: 5542.7ms | ActiveRecord: 0.0ms | Allocations: 26091)


Started GET "/api/v1/categories" for 172.23.0.1 at 2022-09-20 14:31:14 +0000
Cannot render console from 172.23.0.1! Allowed networks: 127.0.0.0/127.255.255.255, ::1
Processing by Api::V1::CategoriesController#index as HTML
  [1m[36mCategory Load (0.3ms)[0m  [1m[34mSELECT "categories".* FROM "categories" ORDER BY "categories"."rank" ASC, "categories"."id" ASC, "categories"."name" ASC[0m
  ↳ app/controllers/api/v1/categories_controller.rb:4:in `index'
Completed 200 OK in 3ms (Views: 1.4ms | ActiveRecord: 0.3ms | Allocations: 961)


Started GET "/api/v1/expenses?paid_after=1662004800" for 172.23.0.1 at 2022-09-20 14:31:14 +0000
Cannot render console from 172.23.0.1! Allowed networks: 127.0.0.0/127.255.255.255, ::1
Processing by Api::V1::ExpensesController#index as HTML
  Parameters: {"paid_after"=>"1662004800"}
  [1m[36mExpense Load (0.2ms)[0m  [1m[34mSELECT "expenses".* FROM "expenses" WHERE (paid_at >= '2022-09-01 04:00:00')[0m
  ↳ app/controllers/api/v1/expenses_controller.rb:18:in `index'
Completed 200 OK in 2ms (Views: 1.2ms | ActiveRecord: 0.2ms | Allocations: 973)


Started GET "/api/v1/goals" for 172.23.0.1 at 2022-09-20 14:31:14 +0000
Cannot render console from 172.23.0.1! Allowed networks: 127.0.0.0/127.255.255.255, ::1
Processing by Api::V1::GoalsController#index as HTML
  [1m[36mUser Load (0.2ms)[0m  [1m[34mSELECT "users".* FROM "users" ORDER BY "users"."id" ASC LIMIT $1[0m  [["LIMIT", 1]]
  ↳ app/controllers/api/v1/goals_controller.rb:4:in `index'
Completed 200 OK in 2ms (Views: 0.1ms | ActiveRecord: 0.2ms | Allocations: 807)


Started GET "/api/v1/reports/month?month=September+2022" for 172.23.0.1 at 2022-09-20 14:31:14 +0000
Cannot render console from 172.23.0.1! Allowed networks: 127.0.0.0/127.255.255.255, ::1
Processing by Api::V1::ReportsController#month as HTML
  Parameters: {"month"=>"September 2022"}
  [1m[35m (0.6ms)[0m  [1m[34m
        select categories.name AS category, categories.monthly_goal as monthly_goal, sum(expenses.amount) AS spend
        from expenses
        join categories on expenses.category_id = categories.id
        where paid_at >= '2022-09-01'
        and paid_at < '2022-10-01'
        group by categories.rank, categories.id
        order by categories.rank asc, categories.id asc
      [0m
  ↳ app/controllers/api/v1/reports_controller.rb:55:in `month'
  [1m[35m (0.4ms)[0m  [1m[34m
        select categories.name AS category, sum(expenses.amount) AS amount
        from expenses
        join categories on expenses.category_id = categories.id
        where paid_at >= '2022-01-01'
        and paid_at < '2022-09-01'
        group by categories.id
      [0m
  ↳ app/controllers/api/v1/reports_controller.rb:82:in `average_by_category'
  [1m[35m (0.3ms)[0m  [1m[34m
        select categories.name AS category, sum(expenses.amount) AS amount
        from expenses
        join categories on expenses.category_id = categories.id
        where paid_at >= '2022-01-01'
        and paid_at < '2022-09-01'
        group by categories.id
      [0m
  ↳ app/controllers/api/v1/reports_controller.rb:82:in `average_by_category'
  [1m[35m (0.3ms)[0m  [1m[34mSELECT SUM("expenses"."amount") FROM "expenses" WHERE (paid_at >= '2022-09-01' and paid_at < '2022-10-01')[0m
  ↳ app/controllers/api/v1/reports_controller.rb:70:in `month'
  [1m[36mUser Load (0.6ms)[0m  [1m[34mSELECT "users".* FROM "users" ORDER BY "users"."id" ASC LIMIT $1[0m  [["LIMIT", 1]]
  ↳ app/controllers/api/v1/reports_controller.rb:71:in `month'
Completed 200 OK in 37ms (Views: 0.3ms | ActiveRecord: 2.2ms | Allocations: 2393)


Started GET "/dashboard" for 172.23.0.1 at 2022-09-20 14:32:08 +0000
Cannot render console from 172.23.0.1! Allowed networks: 127.0.0.0/127.255.255.255, ::1
Processing by DashboardController#index as HTML
  Rendering layout layouts/application.html.erb
  Rendering dashboard/index.html.erb within layouts/application
[Webpacker] Compiling...
[Webpacker] Compiled all packs in /ontrack/public/packs
[Webpacker] Browserslist: caniuse-lite is outdated. Please run:
npx browserslist@latest --update-db

Why you should do it regularly:
https://github.com/browserslist/browserslist#browsers-data-updating
Though the "loose" option was set to "false" in your @babel/preset-env config, it will not be used for @babel/plugin-proposal-private-property-in-object since the "loose" mode option was set to "true" for @babel/plugin-proposal-class-properties.
The "loose" option must be the same for @babel/plugin-proposal-class-properties, @babel/plugin-proposal-private-methods and @babel/plugin-proposal-private-property-in-object (when they are enabled): you can silence this warning by explicitly adding
	["@babel/plugin-proposal-private-property-in-object", { "loose": true }]
to the "plugins" section of your Babel config.
Though the "loose" option was set to "false" in your @babel/preset-env config, it will not be used for @babel/plugin-proposal-private-methods since the "loose" mode option was set to "true" for @babel/plugin-proposal-private-property-in-object.
The "loose" option must be the same for @babel/plugin-proposal-class-properties, @babel/plugin-proposal-private-methods and @babel/plugin-proposal-private-property-in-object (when they are enabled): you can silence this warning by explicitly adding
	["@babel/plugin-proposal-private-methods", { "loose": true }]
to the "plugins" section of your Babel config.

[Webpacker] assets by status 2.98 MiB [cached] 9 assets
assets by path . 128 KiB
  asset js/dashboard-abf82466c4aa896ef7cb.js 122 KiB [emitted] [immutable] (name: dashboard) 1 related asset
  asset manifest.json 5.61 KiB [emitted] [compared for emit]
Entrypoint application 8.54 KiB (6.98 KiB) = js/runtime-cd31353a17a0505265f4.js 7.24 KiB js/application-bb859c936b81fe913e43.js 1.3 KiB 2 auxiliary assets
Entrypoint dashboard 2.95 MiB (3.31 MiB) = 6 assets 6 auxiliary assets
Entrypoint history 2.47 MiB (2.73 MiB) = js/runtime-cd31353a17a0505265f4.js 7.24 KiB js/vendors-node_modules_axios_index_js-node_modules_moment_locale_af_js-node_modules_moment_loca-1725af-08ecf50487f26afa786a.js 1.79 MiB js/vendors-node_modules_react-datepicker_dist_react-datepicker_min_js-node_modules_react-text-ma-b62690-f9a82906bc1ecb5c8558.js 593 KiB js/app_javascript_api_main_js-app_javascript_helpers_main_js-node_modules_moment_locale_sync_rec-f85292-d4ed4d58029909fba452.js 30.4 KiB js/history-7990f155674469845572.js 58.6 KiB 5 auxiliary assets
Entrypoint insights 2.31 MiB (2.68 MiB) = js/runtime-cd31353a17a0505265f4.js 7.24 KiB js/vendors-node_modules_axios_index_js-node_modules_moment_locale_af_js-node_modules_moment_loca-1725af-08ecf50487f26afa786a.js 1.79 MiB js/vendors-node_modules_chart_js_dist_Chart_js-2f4d47fcf763590b8ca2.js 433 KiB js/app_javascript_api_main_js-app_javascript_helpers_main_js-node_modules_moment_locale_sync_rec-f85292-d4ed4d58029909fba452.js 30.4 KiB js/insights-b38d4971a63c2b5f1101.js 57.8 KiB 5 auxiliary assets
Entrypoint upload_preview 2.44 MiB (2.72 MiB) = js/runtime-cd31353a17a0505265f4.js 7.24 KiB js/vendors-node_modules_axios_index_js-node_modules_moment_locale_af_js-node_modules_moment_loca-1725af-08ecf50487f26afa786a.js 1.79 MiB js/vendors-node_modules_react-datepicker_dist_react-datepicker_min_js-node_modules_react-text-ma-b62690-f9a82906bc1ecb5c8558.js 593 KiB js/app_javascript_api_main_js-app_javascript_helpers_main_js-node_modules_moment_locale_sync_rec-f85292-d4ed4d58029909fba452.js 30.4 KiB js/upload_preview-b21fa8e9df61a485e81c.js 35.7 KiB 5 auxiliary assets
runtime modules 3.7 KiB 8 modules
modules by path ./node_modules/ 2.69 MiB 225 modules
modules by path ./app/javascript/ 211 KiB
  modules by path ./app/javascript/components/ 200 KiB 22 modules
  modules by path ./app/javascript/api/ 3.73 KiB 6 modules
  modules by path ./app/javascript/packs/ 3.73 KiB 5 modules
  modules by path ./app/javascript/helpers/*.js 3.78 KiB
    ./app/javascript/helpers/main.js 160 bytes [built] [code generated]
    ./app/javascript/helpers/numerics.js 1.65 KiB [built] [code generated]
    ./app/javascript/helpers/arrays.js 224 bytes [built] [code generated]
    ./app/javascript/helpers/alerts.js 1.4 KiB [built] [code generated]
    ./app/javascript/helpers/util.js 364 bytes [built] [code generated]
webpack 5.28.0 compiled successfully in 4356 ms

  Rendered dashboard/index.html.erb within layouts/application (Duration: 5702.0ms | Allocations: 4578)
  Rendered layouts/_image_paths.html.erb (Duration: 0.5ms | Allocations: 509)
  Rendered layouts/_navbar.html.erb (Duration: 0.8ms | Allocations: 868)
  Rendered layout layouts/application.html.erb (Duration: 5718.0ms | Allocations: 25683)
Completed 200 OK in 5719ms (Views: 5718.5ms | ActiveRecord: 0.0ms | Allocations: 26066)


Started GET "/api/v1/categories" for 172.23.0.1 at 2022-09-20 14:32:14 +0000
Cannot render console from 172.23.0.1! Allowed networks: 127.0.0.0/127.255.255.255, ::1
Processing by Api::V1::CategoriesController#index as HTML
  [1m[36mCategory Load (0.3ms)[0m  [1m[34mSELECT "categories".* FROM "categories" ORDER BY "categories"."rank" ASC, "categories"."id" ASC, "categories"."name" ASC[0m
  ↳ app/controllers/api/v1/categories_controller.rb:4:in `index'
Completed 200 OK in 3ms (Views: 1.6ms | ActiveRecord: 0.3ms | Allocations: 993)


Started GET "/api/v1/expenses?paid_after=1662004800" for 172.23.0.1 at 2022-09-20 14:32:14 +0000
Cannot render console from 172.23.0.1! Allowed networks: 127.0.0.0/127.255.255.255, ::1
Processing by Api::V1::ExpensesController#index as HTML
  Parameters: {"paid_after"=>"1662004800"}
  [1m[36mExpense Load (0.3ms)[0m  [1m[34mSELECT "expenses".* FROM "expenses" WHERE (paid_at >= '2022-09-01 04:00:00')[0m
  ↳ app/controllers/api/v1/expenses_controller.rb:18:in `index'
Completed 200 OK in 2ms (Views: 1.2ms | ActiveRecord: 0.3ms | Allocations: 1003)


Started GET "/api/v1/goals" for 172.23.0.1 at 2022-09-20 14:32:14 +0000
Cannot render console from 172.23.0.1! Allowed networks: 127.0.0.0/127.255.255.255, ::1
Processing by Api::V1::GoalsController#index as HTML
  [1m[36mUser Load (0.2ms)[0m  [1m[34mSELECT "users".* FROM "users" ORDER BY "users"."id" ASC LIMIT $1[0m  [["LIMIT", 1]]
  ↳ app/controllers/api/v1/goals_controller.rb:4:in `index'
Completed 200 OK in 2ms (Views: 0.1ms | ActiveRecord: 0.2ms | Allocations: 839)


Started GET "/api/v1/reports/month?month=September+2022" for 172.23.0.1 at 2022-09-20 14:32:14 +0000
Cannot render console from 172.23.0.1! Allowed networks: 127.0.0.0/127.255.255.255, ::1
Processing by Api::V1::ReportsController#month as HTML
  Parameters: {"month"=>"September 2022"}
  [1m[35m (0.5ms)[0m  [1m[34m
        select categories.name AS category, categories.monthly_goal as monthly_goal, sum(expenses.amount) AS spend
        from expenses
        join categories on expenses.category_id = categories.id
        where paid_at >= '2022-09-01'
        and paid_at < '2022-10-01'
        group by categories.rank, categories.id
        order by categories.rank asc, categories.id asc
      [0m
  ↳ app/controllers/api/v1/reports_controller.rb:55:in `month'
  [1m[35m (0.4ms)[0m  [1m[34m
        select categories.name AS category, sum(expenses.amount) AS amount
        from expenses
        join categories on expenses.category_id = categories.id
        where paid_at >= '2022-01-01'
        and paid_at < '2022-09-01'
        group by categories.id
      [0m
  ↳ app/controllers/api/v1/reports_controller.rb:82:in `average_by_category'
  [1m[35m (0.4ms)[0m  [1m[34m
        select categories.name AS category, sum(expenses.amount) AS amount
        from expenses
        join categories on expenses.category_id = categories.id
        where paid_at >= '2022-01-01'
        and paid_at < '2022-09-01'
        group by categories.id
      [0m
  ↳ app/controllers/api/v1/reports_controller.rb:82:in `average_by_category'
  [1m[35m (0.3ms)[0m  [1m[34mSELECT SUM("expenses"."amount") FROM "expenses" WHERE (paid_at >= '2022-09-01' and paid_at < '2022-10-01')[0m
  ↳ app/controllers/api/v1/reports_controller.rb:70:in `month'
  [1m[36mUser Load (0.2ms)[0m  [1m[34mSELECT "users".* FROM "users" ORDER BY "users"."id" ASC LIMIT $1[0m  [["LIMIT", 1]]
  ↳ app/controllers/api/v1/reports_controller.rb:71:in `month'
Completed 200 OK in 6ms (Views: 0.4ms | ActiveRecord: 1.8ms | Allocations: 2404)


